
0 2 0 0 0 0 0 0 1 
1 0 0 6 0 4 0 3 5 
0 3 9 0 1 0 0 4 2 
0 6 8 4 0 0 0 0 7 
2 0 0 0 0 8 0 0 6 
0 5 0 0 0 0 0 0 0 
0 0 2 0 0 3 0 0 4 
0 0 0 0 8 2 7 0 0 
7 1 5 9 4 6 2 8 3 

nu sarmale

Patrate:0
Linii:0
Coloane:0
Nu ai rezolvat corect sudoku!


-4 -3 -4 -4 -4 -4 -4 -4 -6 
-6 -4 -4 -3 -4 -3 -4 -3 -3 
-4 -3 -3 -4 -6 -4 -4 -3 -3 
-4 -3 -3 -3 -4 -2 -2 -2 -3 
-3 -4 -2 -2 -4 -3 -2 -2 -3 
-4 -3 -2 -2 -4 -2 -2 -2 -4 
-4 -4 -3 -2 -4 -3 -2 -2 -3 
-4 -4 -4 -2 -3 -3 -3 -2 -4 
-3 -6 -3 -3 -3 -3 -3 -3 -3 


-4 -3 -4 -4 -4 -4 -4 -3 -6 
-6 -4 -4 -3 -3 -3 -4 -3 -3 
-4 -3 -3 -4 -6 -4 -4 -3 -3 
-4 -3 -3 -3 -4 -2 -2 -3 -3 
-3 -4 -2 -2 -4 -3 -2 -2 -3 
-4 -3 -2 -3 -3 -2 -2 -2 -3 
-4 -4 -3 -2 -4 -3 -2 -2 -3 
-4 -4 -4 -2 -3 -3 -3 -2 -4 
-3 -6 -3 -3 -3 -3 -3 -3 -3 


-4 -3 -4 -4 -4 -4 -4 -3 -6 
-6 -4 -4 -3 -3 -3 -3 -3 -3 
-4 -3 -3 -4 -6 -4 -4 -3 -3 
-4 -3 -3 -3 -4 -2 -2 -3 -3 
-3 -4 -2 -2 -4 -3 -2 -2 -3 
-4 -3 -2 -3 -3 -2 -2 -2 -3 
-4 -4 -3 -2 -4 -3 -2 -2 -3 
-4 -4 -4 -2 -3 -3 -3 -2 -3 
-3 -6 -3 -3 -3 -3 -3 -3 -3 


-4 -3 -4 -4 -4 -4 -4 -3 -6 
-6 -3 -4 -3 -3 -3 -3 -3 -3 
-4 -3 -3 -4 -6 -4 -4 -3 -3 
-4 -3 -3 -3 -4 -2 -2 -3 -3 
-3 -4 -2 -2 -4 -3 -2 -2 -3 
-4 -3 -2 -3 -3 -2 -2 -2 -3 
-3 -4 -3 -2 -4 -3 -2 -2 -3 
-4 -4 -4 -2 -3 -3 -3 -2 -3 
-3 -6 -3 -3 -3 -3 -3 -3 -3 


-4 -3 -4 -4 -4 -4 -4 -3 -6 
-6 -3 -3 -3 -3 -3 -3 -3 -3 
-4 -3 -3 -3 -6 -4 -4 -3 -3 
-4 -3 -3 -3 -4 -2 -2 -3 -3 
-3 -3 -2 -2 -4 -3 -2 -2 -3 
-4 -3 -2 -3 -3 -3 -2 -2 -3 
-3 -3 -3 -2 -3 -3 -2 -2 -3 
-4 -4 -4 -2 -3 -3 -3 -2 -3 
-3 -6 -3 -3 -3 -3 -3 -3 -3 


-4 -3 -4 -3 -4 -4 -4 -3 -6 
-6 -3 -3 -3 -3 -3 -3 -3 -3 
-4 -3 -3 -3 -6 -4 -3 -3 -3 
-4 -3 -3 -3 -4 -6 -4 -3 -3 
-3 -3 -2 -4 -4 -3 -2 -2 -3 
-4 -3 -2 -3 -3 -3 -2 -2 -3 
-3 -3 -3 -2 -3 -3 -2 -2 -3 
-4 -3 -4 -2 -3 -3 -3 -2 -3 
-3 -6 -3 -3 -3 -3 -3 -3 -3 


-4 -3 -4 -3 -3 -3 -3 -3 -6 
-6 -3 -3 -3 -3 -3 -3 -3 -3 
-3 -3 -3 -3 -6 -4 -3 -3 -3 
-4 -3 -3 -3 -4 -6 -4 -3 -3 
-3 -3 -2 -3 -4 -3 -2 -2 -3 
-4 -3 -2 -3 -3 -3 -2 -2 -3 
-3 -3 -3 -2 -3 -3 -2 -3 -3 
-4 -3 -3 -2 -3 -3 -3 -2 -3 
-3 -6 -3 -3 -3 -3 -3 -3 -3 


-3 -3 -4 -3 -3 -3 -3 -3 -6 
-6 -3 -3 -3 -3 -3 -3 -3 -3 
-3 -3 -3 -3 -6 -3 -3 -3 -3 
-4 -3 -3 -3 -3 -6 -3 -3 -3 
-3 -3 -2 -3 -4 -3 -2 -2 -3 
-4 -3 -3 -3 -3 -3 -2 -2 -3 
-3 -3 -3 -2 -3 -3 -2 -3 -3 
-3 -3 -3 -2 -3 -3 -3 -2 -3 
-3 -6 -3 -3 -3 -3 -3 -3 -3 


-3 -3 -3 -3 -3 -3 -3 -3 -6 
-6 -3 -3 -3 -3 -3 -3 -3 -3 
-3 -3 -3 -3 -6 -3 -3 -3 -3 
-3 -3 -3 -3 -3 -6 -3 -3 -3 
-3 -3 -6 -3 -3 -3 -3 -4 -3 
-3 -3 -3 -3 -3 -3 -2 -3 -3 
-3 -3 -3 -2 -3 -3 -2 -3 -3 
-3 -3 -3 -2 -3 -3 -3 -2 -3 
-3 -6 -3 -3 -3 -3 -3 -3 -3 


-3 -3 -3 -3 -3 -3 -3 -3 -6 
-6 -3 -3 -3 -3 -3 -3 -3 -3 
-3 -3 -3 -3 -6 -3 -3 -3 -3 
-3 -3 -3 -3 -3 -6 -3 -3 -3 
-3 -3 -6 -3 -3 -3 -3 -3 -3 
-3 -3 -3 -3 -3 -3 -6 -3 -3 
-3 -3 -3 -6 -3 -3 -3 -3 -3 
-3 -3 -3 -3 -3 -3 -3 -6 -3 
-3 -6 -3 -3 -3 -3 -3 -3 -3 


-3 -3 -3 -3 -3 -3 -3 -3 -6 
-6 -3 -3 -3 -3 -3 -3 -3 -3 
-3 -3 -3 -3 -6 -3 -3 -3 -3 
-3 -3 -3 -3 -3 -6 -3 -3 -3 
-3 -3 -6 -3 -3 -3 -3 -3 -3 
-3 -3 -3 -3 -3 -3 -6 -3 -3 
-3 -3 -3 -6 -3 -3 -3 -3 -3 
-3 -3 -3 -3 -3 -3 -3 -6 -3 
-3 -6 -3 -3 -3 -3 -3 -3 -3 


-3 -3 -3 -3 -3 -3 -3 -3 -6 
-6 -3 -3 -3 -3 -3 -3 -3 -3 
-3 -3 -3 -3 -6 -3 -3 -3 -3 
-3 -3 -3 -3 -3 -6 -3 -3 -3 
-3 -3 -6 -3 -3 -3 -3 -3 -3 
-3 -3 -3 -3 -3 -3 -6 -3 -3 
-3 -3 -3 -6 -3 -3 -3 -3 -3 
-3 -3 -3 -3 -3 -3 -3 -6 -3 
-3 -6 -3 -3 -3 -3 -3 -3 -3 


-3 -3 -3 -3 -3 -3 -3 -3 -6 
-6 -3 -3 -3 -3 -3 -3 -3 -3 
-3 -3 -3 -3 -6 -3 -3 -3 -3 
-3 -3 -3 -3 -3 -6 -3 -3 -3 
-3 -3 -6 -3 -3 -3 -3 -3 -3 
-3 -3 -3 -3 -3 -3 -6 -3 -3 
-3 -3 -3 -6 -3 -3 -3 -3 -3 
-3 -3 -3 -3 -3 -3 -3 -6 -3 
-3 -6 -3 -3 -3 -3 -3 -3 -3 


-3 -3 -3 -3 -3 -3 -3 -3 -6 
-6 -3 -3 -3 -3 -3 -3 -3 -3 
-3 -3 -3 -3 -6 -3 -3 -3 -3 
-3 -3 -3 -3 -3 -6 -3 -3 -3 
-3 -3 -6 -3 -3 -3 -3 -3 -3 
-3 -3 -3 -3 -3 -3 -6 -3 -3 
-3 -3 -3 -6 -3 -3 -3 -3 -3 
-3 -3 -3 -3 -3 -3 -3 -6 -3 
-3 -6 -3 -3 -3 -3 -3 -3 -3 


-3 -3 -3 -3 -3 -3 -3 -3 -6 
-6 -3 -3 -3 -3 -3 -3 -3 -3 
-3 -3 -3 -3 -6 -3 -3 -3 -3 
-3 -3 -3 -3 -3 -6 -3 -3 -3 
-3 -3 -6 -3 -3 -3 -3 -3 -3 
-3 -3 -3 -3 -3 -3 -6 -3 -3 
-3 -3 -3 -6 -3 -3 -3 -3 -3 
-3 -3 -3 -3 -3 -3 -3 -6 -3 
-3 -6 -3 -3 -3 -3 -3 -3 -3 


-3 -3 -3 -3 -3 -3 -3 -3 -6 
-6 -3 -3 -3 -3 -3 -3 -3 -3 
-3 -3 -3 -3 -6 -3 -3 -3 -3 
-3 -3 -3 -3 -3 -6 -3 -3 -3 
-3 -3 -6 -3 -3 -3 -3 -3 -3 
-3 -3 -3 -3 -3 -3 -6 -3 -3 
-3 -3 -3 -6 -3 -3 -3 -3 -3 
-3 -3 -3 -3 -3 -3 -3 -6 -3 
-3 -6 -3 -3 -3 -3 -3 -3 -3 


-3 -3 -3 -3 -3 -3 -3 -3 -6 
-6 -3 -3 -3 -3 -3 -3 -3 -3 
-3 -3 -3 -3 -6 -3 -3 -3 -3 
-3 -3 -3 -3 -3 -6 -3 -3 -3 
-3 -3 -6 -3 -3 -3 -3 -3 -3 
-3 -3 -3 -3 -3 -3 -6 -3 -3 
-3 -3 -3 -6 -3 -3 -3 -3 -3 
-3 -3 -3 -3 -3 -3 -3 -6 -3 
-3 -6 -3 -3 -3 -3 -3 -3 -3 


-3 -3 -3 -3 -3 -3 -3 -3 -6 
-6 -3 -3 -3 -3 -3 -3 -3 -3 
-3 -3 -3 -3 -6 -3 -3 -3 -3 
-3 -3 -3 -3 -3 -6 -3 -3 -3 
-3 -3 -6 -3 -3 -3 -3 -3 -3 
-3 -3 -3 -3 -3 -3 -6 -3 -3 
-3 -3 -3 -6 -3 -3 -3 -3 -3 
-3 -3 -3 -3 -3 -3 -3 -6 -3 
-3 -6 -3 -3 -3 -3 -3 -3 -3 


-3 -3 -3 -3 -3 -3 -3 -3 -6 
-6 -3 -3 -3 -3 -3 -3 -3 -3 
-3 -3 -3 -3 -6 -3 -3 -3 -3 
-3 -3 -3 -3 -3 -6 -3 -3 -3 
-3 -3 -6 -3 -3 -3 -3 -3 -3 
-3 -3 -3 -3 -3 -3 -6 -3 -3 
-3 -3 -3 -6 -3 -3 -3 -3 -3 
-3 -3 -3 -3 -3 -3 -3 -6 -3 
-3 -6 -3 -3 -3 -3 -3 -3 -3 


-3 -3 -3 -3 -3 -3 -3 -3 -6 
-6 -3 -3 -3 -3 -3 -3 -3 -3 
-3 -3 -3 -3 -6 -3 -3 -3 -3 
-3 -3 -3 -3 -3 -6 -3 -3 -3 
-3 -3 -6 -3 -3 -3 -3 -3 -3 
-3 -3 -3 -3 -3 -3 -6 -3 -3 
-3 -3 -3 -6 -3 -3 -3 -3 -3 
-3 -3 -3 -3 -3 -3 -3 -6 -3 
-3 -6 -3 -3 -3 -3 -3 -3 -3 


-3 -3 -3 -3 -3 -3 -3 -3 -6 
-6 -3 -3 -3 -3 -3 -3 -3 -3 
-3 -3 -3 -3 -6 -3 -3 -3 -3 
-3 -3 -3 -3 -3 -6 -3 -3 -3 
-3 -3 -6 -3 -3 -3 -3 -3 -3 
-3 -3 -3 -3 -3 -3 -6 -3 -3 
-3 -3 -3 -6 -3 -3 -3 -3 -3 
-3 -3 -3 -3 -3 -3 -3 -6 -3 
-3 -6 -3 -3 -3 -3 -3 -3 -3 


-3 -3 -3 -3 -3 -3 -3 -3 -6 
-6 -3 -3 -3 -3 -3 -3 -3 -3 
-3 -3 -3 -3 -6 -3 -3 -3 -3 
-3 -3 -3 -3 -3 -6 -3 -3 -3 
-3 -3 -6 -3 -3 -3 -3 -3 -3 
-3 -3 -3 -3 -3 -3 -6 -3 -3 
-3 -3 -3 -6 -3 -3 -3 -3 -3 
-3 -3 -3 -3 -3 -3 -3 -6 -3 
-3 -6 -3 -3 -3 -3 -3 -3 -3 


-3 -3 -3 -3 -3 -3 -3 -3 -6 
-6 -3 -3 -3 -3 -3 -3 -3 -3 
-3 -3 -3 -3 -6 -3 -3 -3 -3 
-3 -3 -3 -3 -3 -6 -3 -3 -3 
-3 -3 -6 -3 -3 -3 -3 -3 -3 
-3 -3 -3 -3 -3 -3 -6 -3 -3 
-3 -3 -3 -6 -3 -3 -3 -3 -3 
-3 -3 -3 -3 -3 -3 -3 -6 -3 
-3 -6 -3 -3 -3 -3 -3 -3 -3 


-3 -3 -3 -3 -3 -3 -3 -3 -6 
-6 -3 -3 -3 -3 -3 -3 -3 -3 
-3 -3 -3 -3 -6 -3 -3 -3 -3 
-3 -3 -3 -3 -3 -6 -3 -3 -3 
-3 -3 -6 -3 -3 -3 -3 -3 -3 
-3 -3 -3 -3 -3 -3 -6 -3 -3 
-3 -3 -3 -6 -3 -3 -3 -3 -3 
-3 -3 -3 -3 -3 -3 -3 -6 -3 
-3 -6 -3 -3 -3 -3 -3 -3 -3 


-3 -3 -3 -3 -3 -3 -3 -3 -6 
-6 -3 -3 -3 -3 -3 -3 -3 -3 
-3 -3 -3 -3 -6 -3 -3 -3 -3 
-3 -3 -3 -3 -3 -6 -3 -3 -3 
-3 -3 -6 -3 -3 -3 -3 -3 -3 
-3 -3 -3 -3 -3 -3 -6 -3 -3 
-3 -3 -3 -6 -3 -3 -3 -3 -3 
-3 -3 -3 -3 -3 -3 -3 -6 -3 
-3 -6 -3 -3 -3 -3 -3 -3 -3 


-3 -3 -3 -3 -3 -3 -3 -3 -6 
-6 -3 -3 -3 -3 -3 -3 -3 -3 
-3 -3 -3 -3 -6 -3 -3 -3 -3 
-3 -3 -3 -3 -3 -6 -3 -3 -3 
-3 -3 -6 -3 -3 -3 -3 -3 -3 
-3 -3 -3 -3 -3 -3 -6 -3 -3 
-3 -3 -3 -6 -3 -3 -3 -3 -3 
-3 -3 -3 -3 -3 -3 -3 -6 -3 
-3 -6 -3 -3 -3 -3 -3 -3 -3 


-3 -3 -3 -3 -3 -3 -3 -3 -6 
-6 -3 -3 -3 -3 -3 -3 -3 -3 
-3 -3 -3 -3 -6 -3 -3 -3 -3 
-3 -3 -3 -3 -3 -6 -3 -3 -3 
-3 -3 -6 -3 -3 -3 -3 -3 -3 
-3 -3 -3 -3 -3 -3 -6 -3 -3 
-3 -3 -3 -6 -3 -3 -3 -3 -3 
-3 -3 -3 -3 -3 -3 -3 -6 -3 
-3 -6 -3 -3 -3 -3 -3 -3 -3 


-3 -3 -3 -3 -3 -3 -3 -3 -6 
-6 -3 -3 -3 -3 -3 -3 -3 -3 
-3 -3 -3 -3 -6 -3 -3 -3 -3 
-3 -3 -3 -3 -3 -6 -3 -3 -3 
-3 -3 -6 -3 -3 -3 -3 -3 -3 
-3 -3 -3 -3 -3 -3 -6 -3 -3 
-3 -3 -3 -6 -3 -3 -3 -3 -3 
-3 -3 -3 -3 -3 -3 -3 -6 -3 
-3 -6 -3 -3 -3 -3 -3 -3 -3 


-3 -3 -3 -3 -3 -3 -3 -3 -6 
-6 -3 -3 -3 -3 -3 -3 -3 -3 
-3 -3 -3 -3 -6 -3 -3 -3 -3 
-3 -3 -3 -3 -3 -6 -3 -3 -3 
-3 -3 -6 -3 -3 -3 -3 -3 -3 
-3 -3 -3 -3 -3 -3 -6 -3 -3 
-3 -3 -3 -6 -3 -3 -3 -3 -3 
-3 -3 -3 -3 -3 -3 -3 -6 -3 
-3 -6 -3 -3 -3 -3 -3 -3 -3 


-3 -3 -3 -3 -3 -3 -3 -3 -6 
-6 -3 -3 -3 -3 -3 -3 -3 -3 
-3 -3 -3 -3 -6 -3 -3 -3 -3 
-3 -3 -3 -3 -3 -6 -3 -3 -3 
-3 -3 -6 -3 -3 -3 -3 -3 -3 
-3 -3 -3 -3 -3 -3 -6 -3 -3 
-3 -3 -3 -6 -3 -3 -3 -3 -3 
-3 -3 -3 -3 -3 -3 -3 -6 -3 
-3 -6 -3 -3 -3 -3 -3 -3 -3 

5 2 4 8 3 9 6 7 1 
1 8 7 6 2 4 9 3 5 
6 3 9 7 1 5 8 4 2 
9 6 8 4 5 1 3 2 7 
2 7 1 3 9 8 4 5 6 
4 5 3 2 6 7 1 9 8 
8 9 2 1 7 3 5 6 4 
3 4 6 5 8 2 7 1 9 
7 1 5 9 4 6 2 8 3 
